<?xml version="1.0" encoding="UTF-8"?>
<testng-results skipped="0" failed="0" ignored="0" total="6" passed="6">
  <reporter-output>
  </reporter-output>
  <suite name="Suite" duration-ms="20187" started-at="2019-08-16T09:21:57Z" finished-at="2019-08-16T09:22:17Z">
    <groups>
    </groups>
    <test name="Test" duration-ms="20187" started-at="2019-08-16T09:21:57Z" finished-at="2019-08-16T09:22:17Z">
      <class name="testFacebook.RegisterPage">
        <test-method status="PASS" signature="setBaseProp()[pri:0, instance:testFacebook.RegisterPage@457e2f02]" name="setBaseProp" is-config="true" duration-ms="16" started-at="2019-08-16T09:21:57Z" finished-at="2019-08-16T09:21:57Z">
          <reporter-output>
          </reporter-output>
        </test-method> <!-- setBaseProp -->
        <test-method status="PASS" signature="basemethod()[pri:0, instance:testFacebook.RegisterPage@457e2f02]" name="basemethod" duration-ms="11472" started-at="2019-08-16T09:21:57Z" finished-at="2019-08-16T09:22:08Z">
          <reporter-output>
          </reporter-output>
        </test-method> <!-- basemethod -->
        <test-method status="PASS" signature="passLoginDetails()[pri:0, instance:testFacebook.RegisterPage@457e2f02]" name="passLoginDetails" duration-ms="1757" started-at="2019-08-16T09:22:08Z" finished-at="2019-08-16T09:22:10Z">
          <reporter-output>
          </reporter-output>
        </test-method> <!-- passLoginDetails -->
        <test-method status="PASS" signature="getTitle()[pri:0, instance:testFacebook.RegisterPage@457e2f02]" name="getTitle" duration-ms="13" started-at="2019-08-16T09:22:10Z" finished-at="2019-08-16T09:22:10Z">
          <reporter-output>
          </reporter-output>
        </test-method> <!-- getTitle -->
        <test-method status="PASS" signature="navigateBack()[pri:0, instance:testFacebook.RegisterPage@457e2f02]" name="navigateBack" duration-ms="2145" started-at="2019-08-16T09:22:10Z" depends-on-methods="testFacebook.LoginPage.passLoginDetails" finished-at="2019-08-16T09:22:12Z">
          <reporter-output>
          </reporter-output>
        </test-method> <!-- navigateBack -->
        <test-method status="PASS" signature="createAccount()[pri:0, instance:testFacebook.RegisterPage@457e2f02]" name="createAccount" duration-ms="2003" started-at="2019-08-16T09:22:12Z" depends-on-methods="testFacebook.LoginPage.navigateBack" finished-at="2019-08-16T09:22:14Z">
          <reporter-output>
          </reporter-output>
        </test-method> <!-- createAccount -->
        <test-method status="PASS" signature="testInvalidMobileNumber()[pri:0, instance:testFacebook.RegisterPage@457e2f02]" name="testInvalidMobileNumber" duration-ms="2637" started-at="2019-08-16T09:22:14Z" depends-on-methods="testFacebook.RegisterPage.createAccount" finished-at="2019-08-16T09:22:17Z">
          <reporter-output>
          </reporter-output>
        </test-method> <!-- testInvalidMobileNumber -->
      </class> <!-- testFacebook.RegisterPage -->
    </test> <!-- Test -->
  </suite> <!-- Suite -->
</testng-results>
