<?xml version="1.0" encoding="UTF-8"?>
<testng-results skipped="0" failed="0" ignored="1" total="2" passed="1">
  <reporter-output>
  </reporter-output>
  <suite name="Suite" duration-ms="18240" started-at="2019-08-16T09:00:37Z" finished-at="2019-08-16T09:00:55Z">
    <groups>
    </groups>
    <test name="Test" duration-ms="18240" started-at="2019-08-16T09:00:37Z" finished-at="2019-08-16T09:00:55Z">
      <class name="keywordDrivenFramework.LoginTest">
        <test-method status="PASS" signature="loginTest()[pri:0, instance:keywordDrivenFramework.LoginTest@4c70fda8]" name="loginTest" duration-ms="18185" started-at="2019-08-16T09:00:37Z" finished-at="2019-08-16T09:00:55Z">
          <reporter-output>
          </reporter-output>
        </test-method> <!-- loginTest -->
      </class> <!-- keywordDrivenFramework.LoginTest -->
    </test> <!-- Test -->
  </suite> <!-- Suite -->
</testng-results>
