<?xml version="1.0" encoding="UTF-8"?>
<!-- Generated by org.testng.reporters.JUnitXMLReporter -->
<testsuite hostname="LAPTOP-UG1E405V" ignored="1" name="Default test(failed)" tests="3" failures="0" timestamp="08 Aug 2019 18:34:13 GMT" time="0.05" errors="0">
  <testcase name="dataproviderMethod" time="0.008" classname="sampleTests.FirstTestng"/>
  <testcase name="dataproviderMethod" time="0.002" classname="sampleTests.FirstTestng"/>
  <testcase name="dataproviderMethod" time="0.002" classname="sampleTests.FirstTestng"/>
  <testcase name="helloworld" time="0.0" classname="sampleTests.FirstTestng">
    <ignored/>
  </testcase> <!-- helloworld -->
</testsuite> <!-- Default test(failed) -->
