<?xml version="1.0" encoding="UTF-8"?>
<!-- Generated by org.testng.reporters.JUnitXMLReporter -->
<testsuite hostname="LAPTOP-UG1E405V" ignored="0" name="Test" tests="6" failures="0" timestamp="16 Aug 2019 09:22:17 GMT" time="20.187" errors="0">
  <testcase name="basemethod" time="11.472" classname="testFacebook.BaseClass"/>
  <testcase name="passLoginDetails" time="1.757" classname="testFacebook.LoginPage"/>
  <testcase name="getTitle" time="0.013" classname="testFacebook.LoginPage"/>
  <testcase name="navigateBack" time="2.145" classname="testFacebook.LoginPage"/>
  <testcase name="createAccount" time="2.003" classname="testFacebook.RegisterPage"/>
  <testcase name="testInvalidMobileNumber" time="2.637" classname="testFacebook.RegisterPage"/>
</testsuite> <!-- Test -->
