<?xml version="1.0" encoding="UTF-8"?>
<!-- Generated by org.testng.reporters.JUnitXMLReporter -->
<testsuite hostname="LAPTOP-UG1E405V" ignored="4" name="Regression" tests="3" failures="0" timestamp="08 Aug 2019 13:00:06 GMT" time="0.061" errors="0">
  <testcase name="helloworld" time="0.013" classname="sampleTests.FirstTestng"/>
  <testcase name="aTest" time="0.002" classname="sampleTests.Annot2"/>
  <testcase name="test" time="0.002" classname="sampleTests.Testgroups"/>
  <testcase name="secondTestMethod" time="0.0" classname="sampleTests.Annotations">
    <ignored/>
  </testcase> <!-- secondTestMethod -->
  <testcase name="groupTest" time="0.0" classname="sampleTests.Testgroups">
    <ignored/>
  </testcase> <!-- groupTest -->
  <testcase name="testMethod" time="0.0" classname="sampleTests.Annotations">
    <ignored/>
  </testcase> <!-- testMethod -->
  <testcase name="test" time="0.0" classname="sampleTests.Annot2">
    <ignored/>
  </testcase> <!-- test -->
</testsuite> <!-- Regression -->
