<?xml version="1.0" encoding="UTF-8"?>
<!-- Generated by org.testng.reporters.JUnitXMLReporter -->
<testsuite hostname="LAPTOP-UG1E405V" ignored="1" name="Test2" tests="3" failures="0" timestamp="09 Aug 2019 09:31:52 GMT" time="0.024" errors="0">
  <testcase name="secondTestMethod" time="0.003" classname="sampleTests.Annotations"/>
  <testcase name="testMethod" time="0.003" classname="sampleTests.Annotations"/>
  <testcase name="aTest" time="0.002" classname="sampleTests.Annot2"/>
  <testcase name="test" time="0.0" classname="sampleTests.Annot2">
    <ignored/>
  </testcase> <!-- test -->
</testsuite> <!-- Test2 -->
