<?xml version="1.0" encoding="UTF-8"?>
<!-- Generated by org.testng.reporters.JUnitXMLReporter -->
<testsuite hostname="LAPTOP-UG1E405V" ignored="0" name="Test" tests="13" failures="0" timestamp="12 Aug 2019 09:26:11 GMT" time="0.134" errors="0">
  <testcase name="secondTestMethod" time="0.007" classname="sampleTests.Annotations"/>
  <testcase name="testMethod" time="0.003" classname="sampleTests.Annotations"/>
  <testcase name="dataproviderMethod" time="0.002" classname="sampleTests.FirstTestng"/>
  <testcase name="dataproviderMethod" time="0.008" classname="sampleTests.FirstTestng"/>
  <testcase name="dataproviderMethod" time="0.001" classname="sampleTests.FirstTestng"/>
  <testcase name="helloworld" time="0.005" classname="sampleTests.FirstTestng"/>
  <testcase name="aTest" time="0.002" classname="sampleTests.Annot2"/>
  <testcase name="test" time="0.002" classname="sampleTests.Annot2"/>
  <testcase name="groupTest" time="0.003" classname="sampleTests.Testgroups"/>
  <testcase name="test" time="0.002" classname="sampleTests.Testgroups"/>
  <testcase name="test" time="0.004" classname="sampleTests.DependsOnMethodsTimeOutEnable"/>
  <testcase name="test1" time="0.002" classname="sampleTests.DependsOnMethodsTimeOutEnable"/>
  <testcase name="test2" time="0.002" classname="sampleTests.DependsOnMethodsTimeOutEnable"/>
</testsuite> <!-- Test -->
