<?xml version="1.0" encoding="UTF-8"?>
<!-- Generated by org.testng.reporters.JUnitXMLReporter -->
<testsuite hostname="LAPTOP-UG1E405V" ignored="0" name="Default test" tests="3" failures="0" timestamp="12 Aug 2019 13:48:10 GMT" time="4.431" errors="0">
  <testcase name="logIn" time="1.467" classname="dataDrivenUsingTestng.TestLogin"/>
  <testcase name="logIn" time="0.987" classname="dataDrivenUsingTestng.TestLogin"/>
  <testcase name="logIn" time="0.931" classname="dataDrivenUsingTestng.TestLogin"/>
</testsuite> <!-- Default test -->
