<?xml version="1.0" encoding="UTF-8"?>
<testng-results skipped="0" failed="0" ignored="0" total="3" passed="3">
  <reporter-output>
  </reporter-output>
  <suite name="Default suite" duration-ms="4431" started-at="2019-08-12T13:48:05Z" finished-at="2019-08-12T13:48:10Z">
    <groups>
    </groups>
    <test name="Default test" duration-ms="4431" started-at="2019-08-12T13:48:05Z" finished-at="2019-08-12T13:48:10Z">
      <class name="dataDrivenUsingTestng.TestLogin">
        <test-method status="PASS" signature="setUp()[pri:0, instance:dataDrivenUsingTestng.TestLogin@685cb137]" name="setUp" is-config="true" duration-ms="9376" started-at="2019-08-12T13:47:56Z" finished-at="2019-08-12T13:48:05Z">
          <reporter-output>
          </reporter-output>
        </test-method> <!-- setUp -->
        <test-method status="PASS" signature="logIn(java.lang.String, java.lang.String)[pri:0, instance:dataDrivenUsingTestng.TestLogin@685cb137]" name="logIn" duration-ms="1467" started-at="2019-08-12T13:48:06Z" data-provider="getTestData" finished-at="2019-08-12T13:48:08Z">
          <params>
            <param index="0">
              <value>
                <![CDATA[sruthi.kam]]>
              </value>
            </param>
            <param index="1">
              <value>
                <![CDATA[sruthi123]]>
              </value>
            </param>
          </params>
          <reporter-output>
          </reporter-output>
        </test-method> <!-- logIn -->
        <test-method status="PASS" signature="logIn(java.lang.String, java.lang.String)[pri:0, instance:dataDrivenUsingTestng.TestLogin@685cb137]" name="logIn" duration-ms="987" started-at="2019-08-12T13:48:08Z" data-provider="getTestData" finished-at="2019-08-12T13:48:09Z">
          <params>
            <param index="0">
              <value>
                <![CDATA[sam.aki]]>
              </value>
            </param>
            <param index="1">
              <value>
                <![CDATA[sam123]]>
              </value>
            </param>
          </params>
          <reporter-output>
          </reporter-output>
        </test-method> <!-- logIn -->
        <test-method status="PASS" signature="logIn(java.lang.String, java.lang.String)[pri:0, instance:dataDrivenUsingTestng.TestLogin@685cb137]" name="logIn" duration-ms="931" started-at="2019-08-12T13:48:09Z" data-provider="getTestData" finished-at="2019-08-12T13:48:10Z">
          <params>
            <param index="0">
              <value>
                <![CDATA[arjun.allu]]>
              </value>
            </param>
            <param index="1">
              <value>
                <![CDATA[arjun124]]>
              </value>
            </param>
          </params>
          <reporter-output>
          </reporter-output>
        </test-method> <!-- logIn -->
        <test-method status="PASS" signature="closePage()[pri:0, instance:dataDrivenUsingTestng.TestLogin@685cb137]" name="closePage" is-config="true" duration-ms="2083" started-at="2019-08-12T13:48:10Z" finished-at="2019-08-12T13:48:12Z">
          <reporter-output>
          </reporter-output>
        </test-method> <!-- closePage -->
      </class> <!-- dataDrivenUsingTestng.TestLogin -->
    </test> <!-- Default test -->
  </suite> <!-- Default suite -->
</testng-results>
