<?xml version="1.0" encoding="UTF-8"?>
<!-- Generated by org.testng.reporters.JUnitXMLReporter -->
<testsuite hostname="LAPTOP-UG1E405V" ignored="0" name="LoginTest" tests="4" failures="0" timestamp="12 Aug 2019 06:51:53 GMT" time="14.462" errors="0">
  <testcase name="basemethod" time="10.916" classname="testFacebook.BaseClass"/>
  <testcase name="passLoginDetails" time="1.576" classname="testFacebook.LoginPage"/>
  <testcase name="getTitle" time="0.008" classname="testFacebook.LoginPage"/>
  <testcase name="navigateBack" time="1.921" classname="testFacebook.LoginPage"/>
</testsuite> <!-- LoginTest -->
