<?xml version="1.0" encoding="UTF-8"?>
<!-- Generated by org.testng.reporters.JUnitXMLReporter -->
<testsuite hostname="LAPTOP-UG1E405V" ignored="0" name="LoginTestDatadriven" tests="3" failures="0" timestamp="12 Aug 2019 13:25:57 GMT" time="6.449" errors="0">
  <testcase name="logIn" time="2.016" classname="dataDrivenUsingTestng.TestLogin"/>
  <testcase name="logIn" time="1.349" classname="dataDrivenUsingTestng.TestLogin"/>
  <testcase name="logIn" time="1.459" classname="dataDrivenUsingTestng.TestLogin"/>
</testsuite> <!-- LoginTestDatadriven -->
