<?xml version="1.0" encoding="UTF-8"?>
<!-- Generated by org.testng.reporters.JUnitXMLReporter -->
<testsuite hostname="LAPTOP-UG1E405V" ignored="0" name="RegisterpageTest" tests="3" failures="0" timestamp="12 Aug 2019 06:52:04 GMT" time="10.132" errors="0">
  <testcase name="basemethod" time="8.52" classname="testFacebook.BaseClass"/>
  <testcase name="createAccount" time="1.341" classname="testFacebook.RegisterPage"/>
  <testcase name="testInvalidMobileNumber" time="0.259" classname="testFacebook.RegisterPage"/>
</testsuite> <!-- RegisterpageTest -->
