<?xml version="1.0" encoding="UTF-8"?>
<testng-results skipped="0" failed="0" ignored="0" total="3" passed="3">
  <reporter-output>
  </reporter-output>
  <suite name="Suite" duration-ms="5333" started-at="2019-08-16T09:13:36Z" finished-at="2019-08-16T09:13:41Z">
    <groups>
    </groups>
    <test name="Test" duration-ms="5333" started-at="2019-08-16T09:13:36Z" finished-at="2019-08-16T09:13:41Z">
      <class name="dataDrivenUsingTestng.TestLogin">
        <test-method status="PASS" signature="setUp()[pri:0, instance:dataDrivenUsingTestng.TestLogin@685cb137]" name="setUp" is-config="true" duration-ms="8853" started-at="2019-08-16T09:13:27Z" finished-at="2019-08-16T09:13:36Z">
          <reporter-output>
          </reporter-output>
        </test-method> <!-- setUp -->
        <test-method status="PASS" signature="logIn(java.lang.String, java.lang.String)[pri:0, instance:dataDrivenUsingTestng.TestLogin@685cb137]" name="logIn" duration-ms="1803" started-at="2019-08-16T09:13:37Z" data-provider="getTestData" finished-at="2019-08-16T09:13:39Z">
          <params>
            <param index="0">
              <value>
                <![CDATA[sruthi.kam]]>
              </value>
            </param>
            <param index="1">
              <value>
                <![CDATA[sruthi123]]>
              </value>
            </param>
          </params>
          <reporter-output>
          </reporter-output>
        </test-method> <!-- logIn -->
        <test-method status="PASS" signature="logIn(java.lang.String, java.lang.String)[pri:0, instance:dataDrivenUsingTestng.TestLogin@685cb137]" name="logIn" duration-ms="1324" started-at="2019-08-16T09:13:39Z" data-provider="getTestData" finished-at="2019-08-16T09:13:40Z">
          <params>
            <param index="0">
              <value>
                <![CDATA[sam.aki]]>
              </value>
            </param>
            <param index="1">
              <value>
                <![CDATA[sam123]]>
              </value>
            </param>
          </params>
          <reporter-output>
          </reporter-output>
        </test-method> <!-- logIn -->
        <test-method status="PASS" signature="logIn(java.lang.String, java.lang.String)[pri:0, instance:dataDrivenUsingTestng.TestLogin@685cb137]" name="logIn" duration-ms="1236" started-at="2019-08-16T09:13:40Z" data-provider="getTestData" finished-at="2019-08-16T09:13:41Z">
          <params>
            <param index="0">
              <value>
                <![CDATA[arjun.allu]]>
              </value>
            </param>
            <param index="1">
              <value>
                <![CDATA[arjun124]]>
              </value>
            </param>
          </params>
          <reporter-output>
          </reporter-output>
        </test-method> <!-- logIn -->
        <test-method status="PASS" signature="closePage()[pri:0, instance:dataDrivenUsingTestng.TestLogin@685cb137]" name="closePage" is-config="true" duration-ms="2162" started-at="2019-08-16T09:13:42Z" finished-at="2019-08-16T09:13:44Z">
          <reporter-output>
          </reporter-output>
        </test-method> <!-- closePage -->
      </class> <!-- dataDrivenUsingTestng.TestLogin -->
    </test> <!-- Test -->
  </suite> <!-- Suite -->
</testng-results>
