<?xml version="1.0" encoding="UTF-8"?>
<testng-results skipped="0" failed="0" ignored="0" total="13" passed="13">
  <reporter-output>
  </reporter-output>
  <suite name="Suite" duration-ms="134" started-at="2019-08-12T09:26:10Z" finished-at="2019-08-12T09:26:10Z">
    <groups>
      <group name="Smoke">
        <method signature="Annot2.aTest()[pri:0, instance:sampleTests.Annot2@55f3ddb1]" name="aTest" class="sampleTests.Annot2"/>
        <method signature="FirstTestng.helloworld()[pri:0, instance:sampleTests.FirstTestng@c038203]" name="helloworld" class="sampleTests.FirstTestng"/>
        <method signature="Testgroups.test()[pri:0, instance:sampleTests.Testgroups@8bd1b6a]" name="test" class="sampleTests.Testgroups"/>
      </group> <!-- Smoke -->
    </groups>
    <test name="Test" duration-ms="134" started-at="2019-08-12T09:26:10Z" finished-at="2019-08-12T09:26:10Z">
      <class name="sampleTests.Testgroups">
        <test-method status="PASS" signature="groupTest()[pri:0, instance:sampleTests.Testgroups@8bd1b6a]" name="groupTest" duration-ms="3" started-at="2019-08-12T09:26:10Z" finished-at="2019-08-12T09:26:10Z">
          <reporter-output>
          </reporter-output>
        </test-method> <!-- groupTest -->
        <test-method status="PASS" signature="test()[pri:0, instance:sampleTests.Testgroups@8bd1b6a]" name="test" duration-ms="2" started-at="2019-08-12T09:26:10Z" finished-at="2019-08-12T09:26:10Z">
          <reporter-output>
          </reporter-output>
        </test-method> <!-- test -->
      </class> <!-- sampleTests.Testgroups -->
      <class name="sampleTests.Annotations">
        <test-method status="PASS" signature="beforeTest()[pri:0, instance:sampleTests.Annotations@cc285f4]" name="beforeTest" is-config="true" duration-ms="1" started-at="2019-08-12T09:26:10Z" finished-at="2019-08-12T09:26:10Z">
          <reporter-output>
          </reporter-output>
        </test-method> <!-- beforeTest -->
        <test-method status="PASS" signature="secondTestMethod()[pri:0, instance:sampleTests.Annotations@cc285f4]" name="secondTestMethod" duration-ms="7" started-at="2019-08-12T09:26:10Z" finished-at="2019-08-12T09:26:10Z">
          <reporter-output>
          </reporter-output>
        </test-method> <!-- secondTestMethod -->
        <test-method status="PASS" signature="afterMethod()[pri:0, instance:sampleTests.Annotations@cc285f4]" name="afterMethod" is-config="true" duration-ms="1" started-at="2019-08-12T09:26:10Z" finished-at="2019-08-12T09:26:10Z">
          <reporter-output>
          </reporter-output>
        </test-method> <!-- afterMethod -->
        <test-method status="PASS" signature="testMethod()[pri:0, instance:sampleTests.Annotations@cc285f4]" name="testMethod" duration-ms="3" started-at="2019-08-12T09:26:10Z" finished-at="2019-08-12T09:26:10Z">
          <reporter-output>
          </reporter-output>
        </test-method> <!-- testMethod -->
        <test-method status="PASS" signature="afterMethod()[pri:0, instance:sampleTests.Annotations@cc285f4]" name="afterMethod" is-config="true" duration-ms="0" started-at="2019-08-12T09:26:10Z" finished-at="2019-08-12T09:26:10Z">
          <reporter-output>
          </reporter-output>
        </test-method> <!-- afterMethod -->
        <test-method status="PASS" signature="afterClass()[pri:0, instance:sampleTests.Annotations@cc285f4]" name="afterClass" is-config="true" duration-ms="1" started-at="2019-08-12T09:26:10Z" finished-at="2019-08-12T09:26:10Z">
          <reporter-output>
          </reporter-output>
        </test-method> <!-- afterClass -->
        <test-method status="PASS" signature="afterTest()[pri:0, instance:sampleTests.Annotations@cc285f4]" name="afterTest" is-config="true" duration-ms="0" started-at="2019-08-12T09:26:10Z" finished-at="2019-08-12T09:26:10Z">
          <reporter-output>
          </reporter-output>
        </test-method> <!-- afterTest -->
      </class> <!-- sampleTests.Annotations -->
      <class name="sampleTests.DependsOnMethodsTimeOutEnable">
        <test-method status="PASS" signature="test()[pri:0, instance:sampleTests.DependsOnMethodsTimeOutEnable@18be83e4]" name="test" duration-ms="4" started-at="2019-08-12T09:26:10Z" finished-at="2019-08-12T09:26:10Z">
          <reporter-output>
          </reporter-output>
        </test-method> <!-- test -->
        <test-method status="PASS" signature="test1(java.lang.String)[pri:0, instance:sampleTests.DependsOnMethodsTimeOutEnable@18be83e4]" name="test1" duration-ms="2" started-at="2019-08-12T09:26:10Z" finished-at="2019-08-12T09:26:10Z">
          <params>
            <param index="0">
              <value>
                <![CDATA[hi user]]>
              </value>
            </param>
          </params>
          <reporter-output>
          </reporter-output>
        </test-method> <!-- test1 -->
        <test-method status="PASS" signature="test2()[pri:0, instance:sampleTests.DependsOnMethodsTimeOutEnable@18be83e4]" name="test2" duration-ms="2" started-at="2019-08-12T09:26:10Z" finished-at="2019-08-12T09:26:10Z">
          <reporter-output>
          </reporter-output>
        </test-method> <!-- test2 -->
      </class> <!-- sampleTests.DependsOnMethodsTimeOutEnable -->
      <class name="sampleTests.Annot2">
        <test-method status="PASS" signature="beforeClass()[pri:0, instance:sampleTests.Annot2@55f3ddb1]" name="beforeClass" is-config="true" duration-ms="1" started-at="2019-08-12T09:26:10Z" finished-at="2019-08-12T09:26:10Z">
          <reporter-output>
          </reporter-output>
        </test-method> <!-- beforeClass -->
        <test-method status="PASS" signature="aTest()[pri:0, instance:sampleTests.Annot2@55f3ddb1]" name="aTest" duration-ms="2" started-at="2019-08-12T09:26:10Z" finished-at="2019-08-12T09:26:10Z">
          <reporter-output>
          </reporter-output>
        </test-method> <!-- aTest -->
        <test-method status="PASS" signature="test()[pri:0, instance:sampleTests.Annot2@55f3ddb1]" name="test" duration-ms="2" started-at="2019-08-12T09:26:10Z" finished-at="2019-08-12T09:26:10Z">
          <reporter-output>
          </reporter-output>
        </test-method> <!-- test -->
      </class> <!-- sampleTests.Annot2 -->
      <class name="sampleTests.FirstTestng">
        <test-method status="PASS" signature="beforeSuite()[pri:0, instance:sampleTests.FirstTestng@c038203]" name="beforeSuite" is-config="true" duration-ms="12" started-at="2019-08-12T09:26:10Z" finished-at="2019-08-12T09:26:10Z">
          <reporter-output>
          </reporter-output>
        </test-method> <!-- beforeSuite -->
        <test-method status="PASS" signature="beforeMethod()[pri:0, instance:sampleTests.FirstTestng@c038203]" name="beforeMethod" is-config="true" duration-ms="0" started-at="2019-08-12T09:26:10Z" finished-at="2019-08-12T09:26:10Z">
          <reporter-output>
          </reporter-output>
        </test-method> <!-- beforeMethod -->
        <test-method status="PASS" signature="dataproviderMethod(java.lang.String, java.lang.String)[pri:0, instance:sampleTests.FirstTestng@c038203]" name="dataproviderMethod" duration-ms="2" started-at="2019-08-12T09:26:10Z" data-provider="dataProvider" finished-at="2019-08-12T09:26:10Z">
          <params>
            <param index="0">
              <value>
                <![CDATA[topusername]]>
              </value>
            </param>
            <param index="1">
              <value>
                <![CDATA[topuserpswd]]>
              </value>
            </param>
          </params>
          <reporter-output>
          </reporter-output>
        </test-method> <!-- dataproviderMethod -->
        <test-method status="PASS" signature="beforeMethod()[pri:0, instance:sampleTests.FirstTestng@c038203]" name="beforeMethod" is-config="true" duration-ms="1" started-at="2019-08-12T09:26:10Z" finished-at="2019-08-12T09:26:10Z">
          <reporter-output>
          </reporter-output>
        </test-method> <!-- beforeMethod -->
        <test-method status="PASS" signature="dataproviderMethod(java.lang.String, java.lang.String)[pri:0, instance:sampleTests.FirstTestng@c038203]" name="dataproviderMethod" duration-ms="8" started-at="2019-08-12T09:26:10Z" data-provider="dataProvider" finished-at="2019-08-12T09:26:10Z">
          <params>
            <param index="0">
              <value>
                <![CDATA[lastusername]]>
              </value>
            </param>
            <param index="1">
              <value>
                <![CDATA[lastuserpswd]]>
              </value>
            </param>
          </params>
          <reporter-output>
          </reporter-output>
        </test-method> <!-- dataproviderMethod -->
        <test-method status="PASS" signature="beforeMethod()[pri:0, instance:sampleTests.FirstTestng@c038203]" name="beforeMethod" is-config="true" duration-ms="1" started-at="2019-08-12T09:26:10Z" finished-at="2019-08-12T09:26:10Z">
          <reporter-output>
          </reporter-output>
        </test-method> <!-- beforeMethod -->
        <test-method status="PASS" signature="dataproviderMethod(java.lang.String, java.lang.String)[pri:0, instance:sampleTests.FirstTestng@c038203]" name="dataproviderMethod" duration-ms="1" started-at="2019-08-12T09:26:10Z" data-provider="dataProvider" finished-at="2019-08-12T09:26:10Z">
          <params>
            <param index="0">
              <value>
                <![CDATA[absentser]]>
              </value>
            </param>
            <param index="1">
              <value>
                <![CDATA[absentpaswd]]>
              </value>
            </param>
          </params>
          <reporter-output>
          </reporter-output>
        </test-method> <!-- dataproviderMethod -->
        <test-method status="PASS" signature="beforeMethod()[pri:0, instance:sampleTests.FirstTestng@c038203]" name="beforeMethod" is-config="true" duration-ms="1" started-at="2019-08-12T09:26:10Z" finished-at="2019-08-12T09:26:10Z">
          <reporter-output>
          </reporter-output>
        </test-method> <!-- beforeMethod -->
        <test-method status="PASS" signature="helloworld()[pri:0, instance:sampleTests.FirstTestng@c038203]" name="helloworld" duration-ms="5" started-at="2019-08-12T09:26:10Z" finished-at="2019-08-12T09:26:10Z">
          <reporter-output>
          </reporter-output>
        </test-method> <!-- helloworld -->
        <test-method status="PASS" signature="afterSuite()[pri:0, instance:sampleTests.FirstTestng@c038203]" name="afterSuite" is-config="true" duration-ms="0" started-at="2019-08-12T09:26:11Z" finished-at="2019-08-12T09:26:11Z">
          <reporter-output>
          </reporter-output>
        </test-method> <!-- afterSuite -->
      </class> <!-- sampleTests.FirstTestng -->
    </test> <!-- Test -->
  </suite> <!-- Suite -->
</testng-results>
